<?xml version="1.0" encoding="UTF-8"?>
<!-- Generated by org.testng.reporters.JUnitReportReporter -->
<testsuite hostname="LAPTOP-9RRJK8AB" failures="0" tests="1" name="pages.SeleniumTestWithExtentReportsAndTestNG" time="1.884" errors="0" timestamp="2020-08-19T19:08:16 CEST" skipped="0">
  <testcase classname="pages.SeleniumTestWithExtentReportsAndTestNG" name="webPageTest1" time="1.884"/>
  <system-out/>
</testsuite> <!-- pages.SeleniumTestWithExtentReportsAndTestNG -->
