<?xml version="1.0" encoding="UTF-8"?>
<!-- Generated by org.testng.reporters.JUnitReportReporter -->
<testsuite hostname="LAPTOP-9RRJK8AB" failures="0" tests="18" name="Test.SeleniumTestWithExtentReportsAndTestNG" time="2.173" errors="0" timestamp="2020-08-31T19:28:26 CEST" skipped="0">
  <testcase classname="Test.SeleniumTestWithExtentReportsAndTestNG" name="Test2_06" time="0.080"/>
  <system-out/>
  <testcase classname="Test.SeleniumTestWithExtentReportsAndTestNG" name="Test1" time="0.330"/>
  <system-out/>
  <testcase classname="Test.SeleniumTestWithExtentReportsAndTestNG" name="Test2_08" time="0.304"/>
  <system-out/>
  <testcase classname="Test.SeleniumTestWithExtentReportsAndTestNG" name="Test3_02" time="0.086"/>
  <system-out/>
  <testcase classname="Test.SeleniumTestWithExtentReportsAndTestNG" name="Test2_07" time="0.080"/>
  <system-out/>
  <testcase classname="Test.SeleniumTestWithExtentReportsAndTestNG" name="Test2_01" time="0.173"/>
  <system-out/>
  <testcase classname="Test.SeleniumTestWithExtentReportsAndTestNG" name="Test3_01" time="0.102"/>
  <system-out/>
  <testcase classname="Test.SeleniumTestWithExtentReportsAndTestNG" name="Test2_04" time="0.077"/>
  <system-out/>
  <testcase classname="Test.SeleniumTestWithExtentReportsAndTestNG" name="Test3_06" time="0.012"/>
  <system-out/>
  <testcase classname="Test.SeleniumTestWithExtentReportsAndTestNG" name="Test2_02" time="0.108"/>
  <system-out/>
  <testcase classname="Test.SeleniumTestWithExtentReportsAndTestNG" name="Test2_03" time="0.062"/>
  <system-out/>
  <testcase classname="Test.SeleniumTestWithExtentReportsAndTestNG" name="Test3_03" time="0.193"/>
  <system-out/>
  <testcase classname="Test.SeleniumTestWithExtentReportsAndTestNG" name="Test2_09" time="0.020"/>
  <system-out/>
  <testcase classname="Test.SeleniumTestWithExtentReportsAndTestNG" name="Test2_10" time="0.252"/>
  <system-out/>
  <testcase classname="Test.SeleniumTestWithExtentReportsAndTestNG" name="Test3_05" time="0.148"/>
  <system-out/>
  <testcase classname="Test.SeleniumTestWithExtentReportsAndTestNG" name="Test2_05" time="0.109"/>
  <system-out/>
  <testcase classname="Test.SeleniumTestWithExtentReportsAndTestNG" name="Test2_11" time="0.023"/>
  <system-out/>
  <testcase classname="Test.SeleniumTestWithExtentReportsAndTestNG" name="Test3_04" time="0.014"/>
  <system-out/>
</testsuite> <!-- Test.SeleniumTestWithExtentReportsAndTestNG -->
